0 119.40268557395606 119.4696406645579 449.3037193856019 08-10-2022-18-15-16
1 119.04247069472467 119.4696406645579 439.61779969985116 08-10-2022-18-18-06
2 118.95614230480135 119.4696406645579 430.5982843444059 08-10-2022-18-19-32
3 119.4280389706044 119.4696406645579 472.07749777539493 08-10-2022-18-22-20
0 119.4696406645579 119.46965036101884 442.36874357922284 08-10-2022-18-27-20
1 119.4696406645579 119.46965036101884 431.6196635995892 08-10-2022-18-28-45
2 119.46965036101884 119.46965036101884 448.40162465111695 08-10-2022-18-30-55
3 119.6141043313439 119.6141043313439 482.2097331261241 08-10-2022-18-32-22
4 119.61412061369487 119.61412061369487 480.1921191799897 08-10-2022-18-33-48
4 119.61412061369487 119.61412061369487 472.50342788654297 08-10-2022-18-33-48
0 119.61412061369487 119.61412061369487 474.6460831607601 08-10-2022-18-38-51
0 59.03209614251401 59.03209614251401 211.98600873856938 08-15-2022-20-36-49
0 59.334734510062916 59.334734510062916 259.6103693430835 08-15-2022-20-42-49
0 137.30716156933585 137.30716156933585 325.72979945847385 08-15-2022-20-53-20
1 129.70923815338165 137.30716156933585 293.8780724923497 08-15-2022-20-54-40
2 129.81527504533454 137.30716156933585 268.5398298066187 08-15-2022-20-56-01
3 129.81527504533454 137.30716156933585 269.27169020534745 08-15-2022-20-58-01
4 129.81527504533454 137.30716156933585 240.974452822744 08-15-2022-20-59-59
5 62.96811930118072 137.30716156933585 537.1452235100966 08-15-2022-21-01-19
6 62.96811930118072 137.30716156933585 486.6044112570032 08-15-2022-21-06-07
7 62.96811930118072 137.30716156933585 446.3666297388047 08-15-2022-21-08-49
8 62.96811930118072 137.30716156933585 443.9485871263307 08-15-2022-21-10-09
9 62.96811930118072 137.30716156933585 442.234246015325 08-15-2022-21-10-49
10 62.96811930118072 137.30716156933585 557.4785365524507 08-15-2022-21-11-29
11 62.96811930118072 137.30716156933585 523.5834678601863 08-15-2022-21-15-43
12 62.96811930118072 137.30716156933585 496.29257871726816 08-15-2022-21-17-08
13 62.96811930118072 137.30716156933585 490.17985971565815 08-15-2022-21-17-50
14 62.96811930118072 137.30716156933585 469.0348610800536 08-15-2022-21-19-55
15 62.96811930118072 137.30716156933585 576.3547101698903 08-15-2022-21-22-01
16 62.96811930118072 137.30716156933585 592.236991366185 08-15-2022-21-27-25
17 62.96811930118072 137.30716156933585 571.123978010089 08-15-2022-21-29-23
18 62.96811930118072 137.30716156933585 552.7694480518554 08-15-2022-21-31-22
19 62.96811930118072 137.30716156933585 442.56755193194437 08-15-2022-21-33-58
20 134.26728798055152 137.30716156933585 568.7843539442565 08-15-2022-21-34-37
21 134.26728798055152 137.30716156933585 529.7017730299818 08-15-2022-21-38-45
22 133.92005718947314 137.30716156933585 532.8326946973943 08-15-2022-21-40-50
23 133.9027676640717 137.30716156933585 526.4760099222457 08-15-2022-21-42-12
24 124.43772827787595 137.30716156933585 515.0976851648578 08-15-2022-21-42-53
25 138.88366483844345 138.88366483844345 482.8875939939603 08-15-2022-21-45-33
0 140.5361256997721 140.53673062681656 449.37202366683744 08-15-2022-21-50-11
1 139.8701693985816 140.53673062681656 444.26110767083946 08-15-2022-21-52-10
2 139.89293174616142 140.53673062681656 411.4586013995694 08-15-2022-21-54-13
3 140.07996571821596 140.53673062681656 415.86371420631167 08-15-2022-21-56-16
4 139.94370336706967 140.53673062681656 410.0401470225519 08-15-2022-21-58-21
26 140.52493760762962 140.52493760762962 407.16799453763133 08-15-2022-22-00-18
0 140.6863976824395 140.6863976824395 388.6808098420109 08-15-2022-22-04-28
1 140.8802574643588 140.8802574643588 404.0450018325216 08-15-2022-22-06-33
2 142.52085817526796 142.52085817526796 377.27698279361374 08-15-2022-22-08-38
3 142.57732349171667 142.57732349171667 375.5079908528887 08-15-2022-22-10-42
4 138.2218684286674 142.57732349171667 366.0465702219249 08-15-2022-22-13-29
27 140.52493760762962 140.52493760762962 350.6445052592065 08-15-2022-22-14-52
28 140.48918338583005 140.52493760762962 352.2962962882984 08-15-2022-22-16-15
29 140.52843404322607 140.52843404322607 343.5414409472658 08-15-2022-22-16-57
0 140.25127867621336 140.5132612557112 345.2041342321141 08-15-2022-22-21-57
1 140.50113790599534 140.5132612557112 335.13548677097856 08-15-2022-22-24-05
2 140.50113790599534 140.5132612557112 322.3667912549066 08-15-2022-22-25-31
3 140.50113790599534 140.5132612557112 335.89956043511376 08-15-2022-22-26-59
4 140.4879215257707 140.5132612557112 326.78687317897874 08-15-2022-22-28-28
30 140.52843404322607 140.52843404322607 318.1731964845412 08-15-2022-22-29-52
31 63.02765497536281 140.52843404322607 663.2313126718481 08-15-2022-22-32-01
32 62.96811930118072 140.52843404322607 660.2554586700286 08-15-2022-22-37-01
33 63.03523396547699 140.52843404322607 600.4264753693973 08-15-2022-22-39-09
34 63.03523396547699 140.52843404322607 576.9285148696696 08-15-2022-22-41-15
35 63.15100963344214 140.52843404322607 543.9371332778637 08-15-2022-22-44-06
0 140.70942897012674 140.77124100091675 339.83831285646613 08-15-2022-22-49-07
1 140.506805413615 140.77124100091675 332.29388678351523 08-15-2022-22-50-33
2 140.56076624865574 140.77124100091675 349.8167182067492 08-15-2022-22-53-24
3 140.49917077260034 140.77124100091675 341.2994526088379 08-15-2022-22-55-35
4 62.96811930118072 140.77124100091675 339.6254967392068 08-15-2022-22-58-24
36 140.68047452307079 140.68047452307079 468.73563059608864 08-15-2022-22-59-51
0 140.5647822159751 140.5647822159751 328.2970580386164 08-15-2022-23-05-38
1 140.57119162643838 140.57119162643838 325.79476710259786 08-15-2022-23-07-48
2 140.51339092306335 140.57119162643838 326.811010798762 08-15-2022-23-10-41
3 140.51339092306335 140.57119162643838 314.9717470248544 08-15-2022-23-12-53
4 140.51339092306335 140.57119162643838 316.30525095969256 08-15-2022-23-14-18
37 140.68047452307079 140.68047452307079 390.47710510655156 08-15-2022-23-15-03
38 140.68047452307079 140.68047452307079 387.0850055433815 08-15-2022-23-15-46
39 140.66081705088536 140.68047452307079 477.04950756044417 08-15-2022-23-18-40
40 143.2697447505825 143.2697447505825 401.87519201736217 08-15-2022-23-20-06
0 143.44982362329034 143.44982362329034 313.8495942486603 08-15-2022-23-25-56
1 143.32144615576678 143.44982362329034 303.8523414115427 08-15-2022-23-28-08
2 143.32144615576678 143.44982362329034 325.14444796499095 08-15-2022-23-29-36
3 143.39084409648135 143.44982362329034 323.1803292888865 08-15-2022-23-30-20
4 143.25103081228266 143.44982362329034 340.231759344163 08-15-2022-23-33-12
41 143.44982362329034 143.44982362329034 297.09821997985375 08-15-2022-23-33-55
0 143.16583273492674 143.32725194446297 304.8754496355844 08-15-2022-23-39-43
1 143.16583273492674 143.32725194446297 293.07293590181695 08-15-2022-23-41-57
2 143.20059681661482 143.32725194446297 289.7268084416904 08-15-2022-23-43-24
3 143.13528617809718 143.32725194446297 434.13556912429925 08-15-2022-23-46-16
4 62.96811930118072 143.32725194446297 450.4020991147545 08-15-2022-23-49-10
42 143.44982362329034 143.44982362329034 282.9357041888794 08-15-2022-23-49-54
43 143.44982362329034 143.44982362329034 282.0918608624932 08-15-2022-23-50-38
44 143.44982362329034 143.44982362329034 278.65171621782866 08-15-2022-23-52-49
45 143.44982362329034 143.44982362329034 275.2944666248428 08-15-2022-23-54-18
46 62.96811930118072 143.44982362329034 644.2343425818009 08-15-2022-23-55-02
47 62.96811930118072 143.44982362329034 628.1258209799043 08-15-2022-23-59-30
48 62.96811930118072 143.44982362329034 622.2029632267793 08-15-2022-23-59-30
49 62.96811930118072 143.44982362329034 584.19893687745 08-16-2022-00-01-41
50 62.96811930118072 143.44982362329034 596.0465584920438 08-16-2022-00-03-08
51 62.96811930118072 143.44982362329034 628.2786348310148 08-16-2022-00-05-19
52 62.96811930118072 143.44982362329034 610.507311794513 08-16-2022-00-10-28
53 62.96811930118072 143.44982362329034 613.884684266887 08-16-2022-00-11-12
54 62.96811930118072 143.44982362329034 603.729458720505 08-16-2022-00-13-22
55 63.068727966795564 143.44982362329034 612.8566063972203 08-16-2022-00-16-16
0 143.16932023487985 143.32788253408643 314.9832839444014 08-16-2022-00-22-09
1 143.16815860619514 143.32788253408643 314.00183994080476 08-16-2022-00-25-01
2 143.19254051173053 143.32788253408643 331.5929310046469 08-16-2022-00-27-14
3 143.19254051173053 143.32788253408643 334.4794344792194 08-16-2022-00-28-41
4 143.19254051173053 143.32788253408643 321.34994209267853 08-16-2022-00-30-53
56 63.068727966795564 143.44982362329034 559.4271448172894 08-16-2022-00-33-04
57 62.96811930118072 143.44982362329034 602.071418019141 08-16-2022-00-33-48
58 62.96811930118072 143.44982362329034 594.5399502748439 08-16-2022-00-38-15
59 62.96811930118072 143.44982362329034 584.18725303071 08-16-2022-00-40-27
60 62.96811930118072 143.44982362329034 536.192000581961 08-16-2022-00-42-39
61 62.96811930118072 143.44982362329034 509.3870563746441 08-16-2022-00-44-52
62 62.96811930118072 143.44982362329034 623.5122092127476 08-16-2022-00-45-36
63 62.96811930118072 143.44982362329034 604.4545599047624 08-16-2022-00-49-18
64 62.96811930118072 143.44982362329034 624.3344464095409 08-16-2022-00-51-29
65 62.96811930118072 143.44982362329034 621.3953115570384 08-16-2022-00-54-21
66 62.96811930118072 143.44982362329034 645.0374574132434 08-16-2022-00-54-21
67 63.06131663208224 143.44982362329034 620.4995671502254 08-16-2022-00-56-29
68 62.96811930118072 143.44982362329034 592.9006672765722 08-16-2022-01-00-10
69 62.96811930118072 143.44982362329034 567.7029841621385 08-16-2022-01-01-44
70 62.96811930118072 143.44982362329034 563.8967364895382 08-16-2022-01-02-27
71 63.530291689549 143.44982362329034 596.5493338950474 08-16-2022-01-04-54
0 143.29090157692892 143.34672694926098 371.70605955140826 08-16-2022-01-08-32
1 143.1719734100438 143.34672694926098 356.2987633833041 08-16-2022-01-11-29
2 143.36031719542203 143.36031719542203 375.5008027878249 08-16-2022-01-12-55
3 137.11481418109804 143.36031719542203 363.8150264224707 08-16-2022-01-15-06
4 137.2282134651142 143.36031719542203 369.50720950916985 08-16-2022-01-17-17
72 63.43221056357329 143.44982362329034 510.38425533733516 08-16-2022-01-20-29
73 63.30649904586164 143.44982362329034 485.8815197383094 08-16-2022-01-22-41
